#-----------------------------------------------------------
# Vivado v2017.4 (64-bit)
# SW Build 2086221 on Fri Dec 15 20:55:39 MST 2017
# IP Build 2085800 on Fri Dec 15 22:25:07 MST 2017
# Start of session at: Thu Apr  4 18:25:41 2019
# Process ID: 3524
# Current directory: C:/Users/wo/OneDrive - mail.ustc.edu.cn/ComputerStructure/ComputerArchitectureLab/1_VerilogSourceCode/RISC-V-MulticycleCPU
# Command line: vivado.exe -gui_launcher_event rodinguilauncherevent1884 C:\Users\wo\OneDrive - mail.ustc.edu.cn\ComputerStructure\ComputerArchitectureLab\1_VerilogSourceCode\RISC-V-MulticycleCPU\RISC-V-MulticycleCPU.xpr
# Log file: C:/Users/wo/OneDrive - mail.ustc.edu.cn/ComputerStructure/ComputerArchitectureLab/1_VerilogSourceCode/RISC-V-MulticycleCPU/vivado.log
# Journal file: C:/Users/wo/OneDrive - mail.ustc.edu.cn/ComputerStructure/ComputerArchitectureLab/1_VerilogSourceCode/RISC-V-MulticycleCPU\vivado.jou
#-----------------------------------------------------------
start_gui
open_project {C:/Users/wo/OneDrive - mail.ustc.edu.cn/ComputerStructure/ComputerArchitectureLab/1_VerilogSourceCode/RISC-V-MulticycleCPU/RISC-V-MulticycleCPU.xpr}
INFO: [ProjectBase 1-489] The host OS only allows 260 characters in a normal path. The project is stored in a path with more than 80 characters. If you experience issues with IP, Block Designs, or files not being found, please consider moving the project to a location with a shorter path. Alternately consider using the OS subst command to map part of the path to a drive letter.
Current project path is 'C:/Users/wo/OneDrive - mail.ustc.edu.cn/ComputerStructure/ComputerArchitectureLab/1_VerilogSourceCode/RISC-V-MulticycleCPU'
Scanning sources...
Finished scanning sources
INFO: [IP_Flow 19-234] Refreshing IP repositories
INFO: [IP_Flow 19-1704] No user IP repositories specified
INFO: [IP_Flow 19-2313] Loaded Vivado IP repository 'C:/Xilinx/Vivado/2017.4/data/ip'.
exit
INFO: [Common 17-206] Exiting Vivado at Thu Apr  4 18:26:01 2019...
